Using pre-set license
Built from '2020.3/staging' branch; Version is '2020.3.25f1 (9b9180224418) revision 10195328'; Using compiler version '192528614'; Build Type 'Release'
OS: 'Windows 11  (10.0.22000) 64bit Core' Language: 'fi' Physical Memory: 32667 MB
BatchMode: 1, IsHumanControllingUs: 0, StartBugReporterOnCrash: 0, Is64bit: 1, IsPro: 0

COMMAND LINE ARGUMENTS:
C:\Program Files\Unity\Hub\Editor\2020.3.25f1\Editor\Unity.exe
-adb2
-batchMode
-noUpm
-name
AssetImportWorker0
-projectPath
C:/Users/mvann/Documents/_UNITY/RoskatKoriin
-logFile
Logs/AssetImportWorker0.log
-srvPort
60883
Successfully changed project path to: C:/Users/mvann/Documents/_UNITY/RoskatKoriin
C:/Users/mvann/Documents/_UNITY/RoskatKoriin
Using Asset Import Pipeline V2.
Refreshing native plugins compatible for Editor in 46.36 ms, found 3 plugins.
Preloading 0 native plugins for Editor in 0.00 ms.
Initialize engine version: 2020.3.25f1 (9b9180224418)
[Subsystems] Discovering subsystems at path C:/Program Files/Unity/Hub/Editor/2020.3.25f1/Editor/Data/Resources/UnitySubsystems
[Subsystems] Discovering subsystems at path C:/Users/mvann/Documents/_UNITY/RoskatKoriin/Assets
GfxDevice: creating device client; threaded=0
Direct3D:
    Version:  Direct3D 11.0 [level 11.1]
    Renderer: NVIDIA GeForce GTX 1050 (ID=0x1c81)
    Vendor:   
    VRAM:     1977 MB
    Driver:   26.21.14.3107
Initialize mono
Mono path[0] = 'C:/Program Files/Unity/Hub/Editor/2020.3.25f1/Editor/Data/Managed'
Mono path[1] = 'C:/Program Files/Unity/Hub/Editor/2020.3.25f1/Editor/Data/MonoBleedingEdge/lib/mono/unityjit'
Mono config path = 'C:/Program Files/Unity/Hub/Editor/2020.3.25f1/Editor/Data/MonoBleedingEdge/etc'
Using monoOptions --debugger-agent=transport=dt_socket,embedding=1,server=y,suspend=n,address=127.0.0.1:56776
Begin MonoManager ReloadAssembly
Registering precompiled unity dll's ...
Register platform support module: C:/Program Files/Unity/Hub/Editor/2020.3.25f1/Editor/Data/PlaybackEngines/WebGLSupport/UnityEditor.WebGL.Extensions.dll
Register platform support module: C:/Program Files/Unity/Hub/Editor/2020.3.25f1/Editor/Data/PlaybackEngines/WindowsStandaloneSupport/UnityEditor.WindowsStandalone.Extensions.dll
Registered in 0.001685 seconds.
Native extension for WindowsStandalone target not found
Native extension for WebGL target not found
Refreshing native plugins compatible for Editor in 45.50 ms, found 3 plugins.
Preloading 0 native plugins for Editor in 0.00 ms.
Mono: successfully reloaded assembly
- Completed reload, in  0.621 seconds
Domain Reload Profiling:
	ReloadAssembly (621ms)
		BeginReloadAssembly (54ms)
			ExecutionOrderSort (0ms)
			DisableScriptedObjects (0ms)
			BackupInstance (0ms)
			ReleaseScriptingObjects (0ms)
			CreateAndSetChildDomain (1ms)
		EndReloadAssembly (493ms)
			LoadAssemblies (52ms)
			RebuildTransferFunctionScriptingTraits (0ms)
			SetupTypeCache (169ms)
			ReleaseScriptCaches (0ms)
			RebuildScriptCaches (31ms)
			SetupLoadedEditorAssemblies (185ms)
				LogAssemblyErrors (0ms)
				InitializePlatformSupportModulesInManaged (6ms)
				SetLoadedEditorAssemblies (0ms)
				RefreshPlugins (46ms)
				BeforeProcessingInitializeOnLoad (16ms)
				ProcessInitializeOnLoadAttributes (86ms)
				ProcessInitializeOnLoadMethodAttributes (30ms)
				AfterProcessingInitializeOnLoad (0ms)
				EditorAssembliesLoaded (0ms)
			ExecutionOrderSort2 (0ms)
			AwakeInstancesAfterBackupRestoration (0ms)
Platform modules already initialized, skipping
Registering precompiled user dll's ...
Registered in 0.004117 seconds.
Begin MonoManager ReloadAssembly
Native extension for WindowsStandalone target not found
Native extension for WebGL target not found
Refreshing native plugins compatible for Editor in 45.96 ms, found 3 plugins.
Preloading 0 native plugins for Editor in 0.00 ms.
Mono: successfully reloaded assembly
- Completed reload, in  1.153 seconds
Domain Reload Profiling:
	ReloadAssembly (1154ms)
		BeginReloadAssembly (145ms)
			ExecutionOrderSort (0ms)
			DisableScriptedObjects (5ms)
			BackupInstance (0ms)
			ReleaseScriptingObjects (0ms)
			CreateAndSetChildDomain (21ms)
		EndReloadAssembly (945ms)
			LoadAssemblies (88ms)
			RebuildTransferFunctionScriptingTraits (0ms)
			SetupTypeCache (317ms)
			ReleaseScriptCaches (0ms)
			RebuildScriptCaches (50ms)
			SetupLoadedEditorAssemblies (356ms)
				LogAssemblyErrors (0ms)
				InitializePlatformSupportModulesInManaged (4ms)
				SetLoadedEditorAssemblies (0ms)
				RefreshPlugins (46ms)
				BeforeProcessingInitializeOnLoad (81ms)
				ProcessInitializeOnLoadAttributes (203ms)
				ProcessInitializeOnLoadMethodAttributes (17ms)
				AfterProcessingInitializeOnLoad (4ms)
				EditorAssembliesLoaded (0ms)
			ExecutionOrderSort2 (0ms)
			AwakeInstancesAfterBackupRestoration (6ms)
Platform modules already initialized, skipping
========================================================================
Worker process is ready to serve import requests
Launched and connected shader compiler UnityShaderCompiler.exe after 0.07 seconds
Refreshing native plugins compatible for Editor in 0.47 ms, found 3 plugins.
Preloading 0 native plugins for Editor in 0.00 ms.
Unloading 2194 Unused Serialized files (Serialized files now loaded: 0)
System memory in use before: 95.7 MB.
System memory in use after: 95.8 MB.

Unloading 28 unused Assets to reduce memory usage. Loaded Objects now: 2627.
Total: 3.306100 ms (FindLiveObjects: 0.179400 ms CreateObjectMapping: 0.094700 ms MarkObjects: 2.964000 ms  DeleteObjects: 0.066800 ms)

AssetImportParameters requested are different than current active one (requested -> active):
  custom:framework-win-MediaFoundation: 216162199b28c13a410421893ffa2e32 -> 
  custom:video-decoder-ogg-theora: a1e56fd34408186e4bbccfd4996cb3dc -> 
  custom:container-muxer-webm: aa71ff27fc2769a1b78a27578f13a17b -> 
  custom:container-demuxer-webm: 4f35f7cbe854078d1ac9338744f61a02 -> 
  custom:container-demuxer-ogg: 62fdf1f143b41e24485cea50d1cbac27 -> 
  custom:video-encoder-webm-vp8: eb34c28f22e8b96e1ab97ce403110664 -> 
  custom:video-decoder-webm-vp8: 9c59270c3fd7afecdb556c50c9e8de78 -> 
  custom:audio-decoder-ogg-vorbis: bf7c407c2cedff20999df2af8eb42d56 -> 
  custom:audio-encoder-webm-vorbis: bf7c407c2cedff20999df2af8eb42d56 -> 
========================================================================
Received Import Request.
  path: Assets/Scenes
  artifactKey: Guid(a22b50556de8dd7488e1de19397beeb8) Importer(815301076,1909f56bfc062723c751e8b465ee728b)
Start importing Assets/Scenes using Guid(a22b50556de8dd7488e1de19397beeb8) Importer(815301076,1909f56bfc062723c751e8b465ee728b)  -> (artifact id: '1152d3b5ec10c62544c30ce45b9a5164') in 0.010326 seconds 
  Import took 0.013531 seconds .

========================================================================
Received Import Request.
  Time since last request: 0.000195 seconds.
  path: Assets/Scenes/SampleScene.unity
  artifactKey: Guid(2cda990e2423bbf4892e6590ba056729) Importer(815301076,1909f56bfc062723c751e8b465ee728b)
Start importing Assets/Scenes/SampleScene.unity using Guid(2cda990e2423bbf4892e6590ba056729) Importer(815301076,1909f56bfc062723c751e8b465ee728b)  -> (artifact id: 'aa27944bdea339c97c39027c7eea529c') in 0.018477 seconds 
  Import took 0.021480 seconds .

========================================================================
Received Import Request.
  Time since last request: 8.806398 seconds.
  path: Assets/Scenes/Game.unity
  artifactKey: Guid(2cda990e2423bbf4892e6590ba056729) Importer(815301076,1909f56bfc062723c751e8b465ee728b)
Start importing Assets/Scenes/Game.unity using Guid(2cda990e2423bbf4892e6590ba056729) Importer(815301076,1909f56bfc062723c751e8b465ee728b)  -> (artifact id: '41b1d14b1c9cee80b6c568cc75c4166e') in 0.011358 seconds 
  Import took 0.014757 seconds .

========================================================================
Received Import Request.
  Time since last request: 36.643056 seconds.
  path: Assets/Scripts
  artifactKey: Guid(97ad14dc04f77ed44b5fda721ec86af9) Importer(815301076,1909f56bfc062723c751e8b465ee728b)
Start importing Assets/Scripts using Guid(97ad14dc04f77ed44b5fda721ec86af9) Importer(815301076,1909f56bfc062723c751e8b465ee728b)  -> (artifact id: 'f723acd00a5192a69eb1e0854f9bd8db') in 0.008523 seconds 
  Import took 0.011826 seconds .

========================================================================
Received Import Request.
  Time since last request: 7.529535 seconds.
  path: Assets/Scripts/Sprites
  artifactKey: Guid(ac647ef2508878142b0a509747e2adf8) Importer(815301076,1909f56bfc062723c751e8b465ee728b)
Start importing Assets/Scripts/Sprites using Guid(ac647ef2508878142b0a509747e2adf8) Importer(815301076,1909f56bfc062723c751e8b465ee728b)  -> (artifact id: 'e8d5b7c4a0c692e8641455d3a8e4130a') in 0.008270 seconds 
  Import took 0.011378 seconds .

========================================================================
Received Import Request.
  Time since last request: 24.717712 seconds.
  path: Assets/Sprites
  artifactKey: Guid(c9ce000b156bd0a4981a61476378d4fc) Importer(815301076,1909f56bfc062723c751e8b465ee728b)
Start importing Assets/Sprites using Guid(c9ce000b156bd0a4981a61476378d4fc) Importer(815301076,1909f56bfc062723c751e8b465ee728b)  -> (artifact id: '49e61f40cec5ac4e14279b2257c7795d') in 0.002476 seconds 
  Import took 0.006055 seconds .

========================================================================
Received Import Request.
  Time since last request: 8.988458 seconds.
  path: Assets/Sprites/New Folder
  artifactKey: Guid(7ca8dbf895dd2bf4eb36e5c5ef5b67fa) Importer(815301076,1909f56bfc062723c751e8b465ee728b)
Start importing Assets/Sprites/New Folder using Guid(7ca8dbf895dd2bf4eb36e5c5ef5b67fa) Importer(815301076,1909f56bfc062723c751e8b465ee728b)  -> (artifact id: '0ae1d6be4972c2240598c2822c906e9d') in 0.007243 seconds 
  Import took 0.010885 seconds .

========================================================================
Received Import Request.
  Time since last request: 14.777614 seconds.
  path: Assets/Prefabs
  artifactKey: Guid(e89644f6153fcfc4d92f236a8a46aa92) Importer(815301076,1909f56bfc062723c751e8b465ee728b)
Start importing Assets/Prefabs using Guid(e89644f6153fcfc4d92f236a8a46aa92) Importer(815301076,1909f56bfc062723c751e8b465ee728b)  -> (artifact id: '6571f731cd76f74adf0d80599fe29d6b') in 0.008621 seconds 
  Import took 0.012060 seconds .

========================================================================
Received Import Request.
  Time since last request: 119.134719 seconds.
  path: Assets/Sprites/Tausta.jpg
  artifactKey: Guid(7ddae92c91712974aae8cb6fe0f70513) Importer(815301076,1909f56bfc062723c751e8b465ee728b)
Start importing Assets/Sprites/Tausta.jpg using Guid(7ddae92c91712974aae8cb6fe0f70513) Importer(815301076,1909f56bfc062723c751e8b465ee728b)  -> (artifact id: 'f6db3661483d361cc891e44809942d60') in 0.119169 seconds 
  Import took 0.122720 seconds .

========================================================================
Received Import Request.
  Time since last request: 5.181356 seconds.
  path: Assets/Sprites/Roskikset.png
  artifactKey: Guid(a41acba0e4636394cb415ab503b75de1) Importer(815301076,1909f56bfc062723c751e8b465ee728b)
Start importing Assets/Sprites/Roskikset.png using Guid(a41acba0e4636394cb415ab503b75de1) Importer(815301076,1909f56bfc062723c751e8b465ee728b)  -> (artifact id: 'f6d15b24ee84bd436e6396c9f467dfd3') in 0.034385 seconds 
  Import took 0.038194 seconds .

========================================================================
Received Import Request.
  Time since last request: 5.602129 seconds.
  path: Assets/Sprites/Roskat.png
  artifactKey: Guid(00c06b019b0d14045bb4ab5878ada1a7) Importer(815301076,1909f56bfc062723c751e8b465ee728b)
Start importing Assets/Sprites/Roskat.png using Guid(00c06b019b0d14045bb4ab5878ada1a7) Importer(815301076,1909f56bfc062723c751e8b465ee728b)  -> (artifact id: 'f0ec33d2318a708c0f69c96aac566e33') in 0.031068 seconds 
  Import took 0.034597 seconds .

========================================================================
Received Import Request.
  Time since last request: 159.546623 seconds.
  path: Assets/Sprites/Roskikset.png
  artifactKey: Guid(a41acba0e4636394cb415ab503b75de1) Importer(815301076,1909f56bfc062723c751e8b465ee728b)
Start importing Assets/Sprites/Roskikset.png using Guid(a41acba0e4636394cb415ab503b75de1) Importer(815301076,1909f56bfc062723c751e8b465ee728b)  -> (artifact id: '6fdf249b5c985c24c49628a17292bfee') in 0.019356 seconds 
  Import took 0.023585 seconds .

========================================================================
Received Import Request.
  Time since last request: 33.244097 seconds.
  path: Assets/Sprites/Roskikset.png
  artifactKey: Guid(a41acba0e4636394cb415ab503b75de1) Importer(815301076,1909f56bfc062723c751e8b465ee728b)
Start importing Assets/Sprites/Roskikset.png using Guid(a41acba0e4636394cb415ab503b75de1) Importer(815301076,1909f56bfc062723c751e8b465ee728b)  -> (artifact id: 'c58585142fe04fc8430d002670aac442') in 0.034188 seconds 
  Import took 0.037574 seconds .

========================================================================
Received Import Request.
  Time since last request: 19.990466 seconds.
  path: Assets/Sprites/Roskat.png
  artifactKey: Guid(00c06b019b0d14045bb4ab5878ada1a7) Importer(815301076,1909f56bfc062723c751e8b465ee728b)
Start importing Assets/Sprites/Roskat.png using Guid(00c06b019b0d14045bb4ab5878ada1a7) Importer(815301076,1909f56bfc062723c751e8b465ee728b)  -> (artifact id: '4ada60dc045e56d20f82f02a3a6234b8') in 0.017626 seconds 
  Import took 0.021284 seconds .

========================================================================
Received Import Request.
  Time since last request: 25.698872 seconds.
  path: Assets/Sprites/Roskat.png
  artifactKey: Guid(00c06b019b0d14045bb4ab5878ada1a7) Importer(815301076,1909f56bfc062723c751e8b465ee728b)
Start importing Assets/Sprites/Roskat.png using Guid(00c06b019b0d14045bb4ab5878ada1a7) Importer(815301076,1909f56bfc062723c751e8b465ee728b)  -> (artifact id: '7a7611a995420c41b857fe58c78b02b5') in 0.074141 seconds 
  Import took 0.079550 seconds .

========================================================================
Received Import Request.
  Time since last request: 92.015458 seconds.
  path: Assets/Sprites/Tausta.jpg
  artifactKey: Guid(7ddae92c91712974aae8cb6fe0f70513) Importer(815301076,1909f56bfc062723c751e8b465ee728b)
Start importing Assets/Sprites/Tausta.jpg using Guid(7ddae92c91712974aae8cb6fe0f70513) Importer(815301076,1909f56bfc062723c751e8b465ee728b)  -> (artifact id: '23a61674db939ee0fae556e246c2fa4b') in 0.021592 seconds 
  Import took 0.026056 seconds .

========================================================================
Received Import Request.
  Time since last request: 22.480587 seconds.
  path: Assets/Sprites/Tausta.jpg
  artifactKey: Guid(7ddae92c91712974aae8cb6fe0f70513) Importer(815301076,1909f56bfc062723c751e8b465ee728b)
Start importing Assets/Sprites/Tausta.jpg using Guid(7ddae92c91712974aae8cb6fe0f70513) Importer(815301076,1909f56bfc062723c751e8b465ee728b)  -> (artifact id: '2ec36ca3e7e8f533f5e6db86a64e0ed7') in 0.021506 seconds 
  Import took 0.024868 seconds .

========================================================================
Received Import Request.
  Time since last request: 122.045678 seconds.
  path: Assets/Sprites/Roskikset.png
  artifactKey: Guid(a41acba0e4636394cb415ab503b75de1) Importer(815301076,1909f56bfc062723c751e8b465ee728b)
Start importing Assets/Sprites/Roskikset.png using Guid(a41acba0e4636394cb415ab503b75de1) Importer(815301076,1909f56bfc062723c751e8b465ee728b)  -> (artifact id: '3194a1a9483ec338a7ee8da3e8cd8528') in 0.030737 seconds 
  Import took 0.034810 seconds .

========================================================================
Received Import Request.
  Time since last request: 79.118797 seconds.
  path: Assets/Sprites/Roskat.png
  artifactKey: Guid(00c06b019b0d14045bb4ab5878ada1a7) Importer(815301076,1909f56bfc062723c751e8b465ee728b)
Start importing Assets/Sprites/Roskat.png using Guid(00c06b019b0d14045bb4ab5878ada1a7) Importer(815301076,1909f56bfc062723c751e8b465ee728b)  -> (artifact id: '6b1f1992affa6c11ccbe3222ee05c2a1') in 0.062681 seconds 
  Import took 0.066500 seconds .

========================================================================
Received Import Request.
  Time since last request: 177.655119 seconds.
  path: ProjectSettings/TagManager.asset
  artifactKey: Guid(00000000000000003000000000000000) Importer(815301076,1909f56bfc062723c751e8b465ee728b)
Start importing ProjectSettings/TagManager.asset using Guid(00000000000000003000000000000000) Importer(815301076,1909f56bfc062723c751e8b465ee728b)  -> (artifact id: '95df672b4aaba54310d34c83eef51bb8') in 0.015354 seconds 
  Import took 0.018884 seconds .

AssetImportWorkerClient::OnTransportError - code=2 error=End of file
